<?xml version="1.0" encoding="UTF-8"?>
<!-- Generated by org.testng.reporters.JUnitReportReporter -->
<testsuite skipped="0" hostname="maverick-PC" name="com.crm.qa.testcase.HomePageTest" tests="1" failures="0" timestamp="26 Oct 2018 08:51:49 GMT" time="23.573" errors="0">
  <testcase name="verifyUserTitelTest" time="23.573" classname="com.crm.qa.testcase.HomePageTest"/>
</testsuite> <!-- com.crm.qa.testcase.HomePageTest -->
